<?xml version="1.0" encoding="UTF-8"?>
<!-- Generated by org.testng.reporters.JUnitReportReporter -->
<testsuite hostname="LAPTOP-QHAAC6A6" failures="0" tests="2" name="SquareIT.SeleniumFramework2.E2ETest2" time="35.081" errors="0" timestamp="2024-11-30T12:47:08 IST" skipped="0">
  <testcase classname="SquareIT.SeleniumFramework2.E2ETest2" name="endToEndTest" time="16.065"/>
  <system-out/>
  <testcase classname="SquareIT.SeleniumFramework2.E2ETest2" name="endToEndTest" time="19.016"/>
  <system-out/>
</testsuite> <!-- SquareIT.SeleniumFramework2.E2ETest2 -->
