<?xml version="1.0" encoding="UTF-8"?>
<!-- Generated by org.testng.reporters.JUnitReportReporter -->
<testsuite hostname="LAPTOP-QHAAC6A6" failures="0" tests="1" name="SquareIT.SeleniumFramework2.E2ETest" time="14.572" errors="0" timestamp="2024-11-28T10:12:11 IST" skipped="0">
  <testcase classname="SquareIT.SeleniumFramework2.E2ETest" name="endToEndTest" time="14.572"/>
</testsuite> <!-- SquareIT.SeleniumFramework2.E2ETest -->
